{"C:\\Users\\Nitin\\Music\\namasteReact\\namaste-react\\Lecture1\\lec1part3\\src\\components\\Contact.jsx": {"path":"C:\\Users\\Nitin\\Music\\namasteReact\\namaste-react\\Lecture1\\lec1part3\\src\\components\\Contact.jsx","statementMap":{"0":{"start":{"line":3,"column":16},"end":{"line":57,"column":1}},"1":{"start":{"line":4,"column":32},"end":{"line":4,"column":47}},"2":{"start":{"line":6,"column":23},"end":{"line":9,"column":3}},"3":{"start":{"line":7,"column":4},"end":{"line":7,"column":23}},"4":{"start":{"line":8,"column":4},"end":{"line":8,"column":21}},"5":{"start":{"line":11,"column":2},"end":{"line":56,"column":4}}},"fnMap":{"0":{"name":"(anonymous_0)","decl":{"start":{"line":3,"column":16},"end":{"line":3,"column":17}},"loc":{"start":{"line":3,"column":22},"end":{"line":57,"column":1}},"line":3},"1":{"name":"(anonymous_1)","decl":{"start":{"line":6,"column":23},"end":{"line":6,"column":24}},"loc":{"start":{"line":6,"column":30},"end":{"line":9,"column":3}},"line":6}},"branchMap":{"0":{"loc":{"start":{"line":48,"column":11},"end":{"line":52,"column":11}},"type":"binary-expr","locations":[{"start":{"line":48,"column":11},"end":{"line":48,"column":18}},{"start":{"line":49,"column":12},"end":{"line":51,"column":19}}],"line":48}},"s":{"0":1,"1":1,"2":1,"3":0,"4":0,"5":1},"f":{"0":1,"1":0},"b":{"0":[1,0]},"_coverageSchema":"1a1c01bbd47fc00a2c39e90264f33305004495a9","hash":"f1760fa8ba1c588aa1647bbd8bed2fd1ee69b0de"}
,"C:\\Users\\Nitin\\Music\\namasteReact\\namaste-react\\Lecture1\\lec1part3\\src\\components\\sum.js": {"path":"C:\\Users\\Nitin\\Music\\namasteReact\\namaste-react\\Lecture1\\lec1part3\\src\\components\\sum.js","statementMap":{"0":{"start":{"line":1,"column":18},"end":{"line":3,"column":1}},"1":{"start":{"line":2,"column":4},"end":{"line":2,"column":16}}},"fnMap":{"0":{"name":"(anonymous_0)","decl":{"start":{"line":1,"column":18},"end":{"line":1,"column":19}},"loc":{"start":{"line":1,"column":25},"end":{"line":3,"column":1}},"line":1}},"branchMap":{},"s":{"0":1,"1":1},"f":{"0":1},"b":{},"_coverageSchema":"1a1c01bbd47fc00a2c39e90264f33305004495a9","hash":"868a01d71a3b7a34fc68649b22c6b6e42e9a43d4"}
}
